2020-06-06 12:24:59,021 [INFO] Activator:176 - 


2020-06-06 12:24:59,059 [INFO] Activator:177 - !SESSION log4j initialized
2020-06-06 12:25:19,371 [INFO] ApplicationProperties:181 - Using Application install path: C:\ST\STM32CubeIDE_1.3.0\STM32CubeIDE\plugins\com.st.stm32cube.common.mx_5.6.0.202002181639
2020-06-06 12:25:19,418 [INFO] DbMcusXml:72 - Set database path to: C:\ST\STM32CubeIDE_1.3.0\STM32CubeIDE\plugins\com.st.stm32cube.common.mx_5.6.0.202002181639\\db\/mcu/
2020-06-06 12:25:19,430 [INFO] DbBoardsPdsc:54 - Set plugin database path to: C:\ST\STM32CubeIDE_1.3.0\STM32CubeIDE\plugins\com.st.stm32cube.common.mx_5.6.0.202002181639\\db\/plugins/boardmanager/
2020-06-06 12:25:19,430 [INFO] DbMcus:235 - Set plugin images path to: C:\ST\STM32CubeIDE_1.3.0\STM32CubeIDE\plugins\com.st.stm32cube.common.mx_5.6.0.202002181639\\db\/plugins/mcufinder/images/
2020-06-06 12:25:19,430 [INFO] DbBoards:232 - Set plugin images path to: C:\ST\STM32CubeIDE_1.3.0\STM32CubeIDE\plugins\com.st.stm32cube.common.mx_5.6.0.202002181639\\db\/plugins/mcufinder/images/
2020-06-06 12:25:19,488 [INFO] DbMcusAds:85 - Set database path to: C:\Users\danie\.stmcufinder\plugins\mcufinder//mcu/
2020-06-06 12:25:19,488 [INFO] DbMcusDocs:108 - Set database path to: C:\Users\danie\.stmcufinder\plugins\mcufinder//mcu/
2020-06-06 12:25:19,505 [INFO] DbMcusJson:61 - Set database path to: C:\Users\danie\.stmcufinder\plugins\mcufinder//mcu/
2020-06-06 12:25:19,506 [INFO] DbBoardsDocs:97 - Set database path to: C:\Users\danie\.stmcufinder\plugins\mcufinder//mcu/
2020-06-06 12:25:19,509 [INFO] DbBoardsJson:51 - Set database path to: C:\Users\danie\.stmcufinder\plugins\mcufinder//mcu/
2020-06-06 12:25:19,789 [INFO] CrossReferenceDbSqlite:197 - Set database path to: C:\Users\danie\.stmcufinder\plugins\mcufinder//mcu/cs/
2020-06-06 12:25:19,984 [INFO] RulesReader:52 - Compatibility file has been processed (208 Rules)
2020-06-06 12:25:20,188 [INFO] MicroXplorer:570 - Detected Java Version = 1.8.0_242
2020-06-06 12:25:20,188 [INFO] DbMcusXml:72 - Set database path to: C:\ST\STM32CubeIDE_1.3.0\STM32CubeIDE\plugins\com.st.stm32cube.common.mx_5.6.0.202002181639\\db\/mcu/
2020-06-06 12:25:20,189 [INFO] DbBoardsPdsc:54 - Set plugin database path to: C:\ST\STM32CubeIDE_1.3.0\STM32CubeIDE\plugins\com.st.stm32cube.common.mx_5.6.0.202002181639\\db\/plugins/boardmanager/
2020-06-06 12:25:20,189 [INFO] DbMcus:235 - Set plugin images path to: C:\ST\STM32CubeIDE_1.3.0\STM32CubeIDE\plugins\com.st.stm32cube.common.mx_5.6.0.202002181639\\db\/plugins/mcufinder/images/
2020-06-06 12:25:20,190 [INFO] DbBoards:232 - Set plugin images path to: C:\ST\STM32CubeIDE_1.3.0\STM32CubeIDE\plugins\com.st.stm32cube.common.mx_5.6.0.202002181639\\db\/plugins/mcufinder/images/
2020-06-06 12:25:20,190 [WARN] DbFile:36 - Overriding database path with different value: C:\Users\danie\.stmcufinder\plugins\mcufinder/ => C:\Users\danie\.stmcufinder\plugins\mcufinder
2020-06-06 12:25:20,190 [INFO] DbMcusAds:85 - Set database path to: C:\Users\danie\.stmcufinder\plugins\mcufinder//mcu/
2020-06-06 12:25:20,190 [WARN] DbFile:36 - Overriding database path with different value: C:\Users\danie\.stmcufinder\plugins\mcufinder/ => C:\Users\danie\.stmcufinder\plugins\mcufinder
2020-06-06 12:25:20,190 [INFO] DbMcusDocs:108 - Set database path to: C:\Users\danie\.stmcufinder\plugins\mcufinder//mcu/
2020-06-06 12:25:20,191 [WARN] DbFile:36 - Overriding database path with different value: C:\Users\danie\.stmcufinder\plugins\mcufinder/ => C:\Users\danie\.stmcufinder\plugins\mcufinder
2020-06-06 12:25:20,191 [INFO] DbMcusJson:61 - Set database path to: C:\Users\danie\.stmcufinder\plugins\mcufinder//mcu/
2020-06-06 12:25:20,191 [WARN] DbFile:36 - Overriding database path with different value: C:\Users\danie\.stmcufinder\plugins\mcufinder/ => C:\Users\danie\.stmcufinder\plugins\mcufinder
2020-06-06 12:25:20,191 [INFO] DbBoardsDocs:97 - Set database path to: C:\Users\danie\.stmcufinder\plugins\mcufinder//mcu/
2020-06-06 12:25:20,191 [WARN] DbFile:36 - Overriding database path with different value: C:\Users\danie\.stmcufinder\plugins\mcufinder/ => C:\Users\danie\.stmcufinder\plugins\mcufinder
2020-06-06 12:25:20,191 [INFO] DbBoardsJson:51 - Set database path to: C:\Users\danie\.stmcufinder\plugins\mcufinder//mcu/
2020-06-06 12:25:20,191 [WARN] DbFile:36 - Overriding database path with different value: C:\Users\danie\.stmcufinder\plugins\mcufinder/ => C:\Users\danie\.stmcufinder\plugins\mcufinder
2020-06-06 12:25:20,191 [WARN] DbFile:36 - Overriding database path with different value: C:\Users\danie\.stmcufinder\plugins\mcufinder/ => C:\Users\danie\.stmcufinder\plugins\mcufinder
2020-06-06 12:25:20,191 [INFO] CrossReferenceDbSqlite:197 - Set database path to: C:\Users\danie\.stmcufinder\plugins\mcufinder//mcu/cs/
2020-06-06 12:25:20,472 [INFO] MainPanel:181 - HeapMemory: 316669952
2020-06-06 12:25:20,730 [INFO] DbMcusXml:72 - Set database path to: C:\ST\STM32CubeIDE_1.3.0\STM32CubeIDE\plugins\com.st.stm32cube.common.mx_5.6.0.202002181639\\db\/mcu/
2020-06-06 12:25:20,730 [INFO] DbBoardsPdsc:54 - Set plugin database path to: C:\ST\STM32CubeIDE_1.3.0\STM32CubeIDE\plugins\com.st.stm32cube.common.mx_5.6.0.202002181639\\db\/plugins/boardmanager/
2020-06-06 12:25:20,731 [INFO] DbMcus:235 - Set plugin images path to: C:\ST\STM32CubeIDE_1.3.0\STM32CubeIDE\plugins\com.st.stm32cube.common.mx_5.6.0.202002181639\\db\/plugins/mcufinder/images/
2020-06-06 12:25:20,731 [INFO] DbBoards:232 - Set plugin images path to: C:\ST\STM32CubeIDE_1.3.0\STM32CubeIDE\plugins\com.st.stm32cube.common.mx_5.6.0.202002181639\\db\/plugins/mcufinder/images/
2020-06-06 12:25:20,731 [WARN] DbFile:36 - Overriding database path with different value: C:\Users\danie\.stmcufinder\plugins\mcufinder/ => C:\Users\danie\.stmcufinder\plugins\mcufinder
2020-06-06 12:25:20,731 [INFO] DbMcusAds:85 - Set database path to: C:\Users\danie\.stmcufinder\plugins\mcufinder//mcu/
2020-06-06 12:25:20,731 [WARN] DbFile:36 - Overriding database path with different value: C:\Users\danie\.stmcufinder\plugins\mcufinder/ => C:\Users\danie\.stmcufinder\plugins\mcufinder
2020-06-06 12:25:20,731 [INFO] DbMcusDocs:108 - Set database path to: C:\Users\danie\.stmcufinder\plugins\mcufinder//mcu/
2020-06-06 12:25:20,731 [WARN] DbFile:36 - Overriding database path with different value: C:\Users\danie\.stmcufinder\plugins\mcufinder/ => C:\Users\danie\.stmcufinder\plugins\mcufinder
2020-06-06 12:25:20,731 [INFO] DbMcusJson:61 - Set database path to: C:\Users\danie\.stmcufinder\plugins\mcufinder//mcu/
2020-06-06 12:25:20,731 [WARN] DbFile:36 - Overriding database path with different value: C:\Users\danie\.stmcufinder\plugins\mcufinder/ => C:\Users\danie\.stmcufinder\plugins\mcufinder
2020-06-06 12:25:20,731 [INFO] DbBoardsDocs:97 - Set database path to: C:\Users\danie\.stmcufinder\plugins\mcufinder//mcu/
2020-06-06 12:25:20,731 [WARN] DbFile:36 - Overriding database path with different value: C:\Users\danie\.stmcufinder\plugins\mcufinder/ => C:\Users\danie\.stmcufinder\plugins\mcufinder
2020-06-06 12:25:20,731 [INFO] DbBoardsJson:51 - Set database path to: C:\Users\danie\.stmcufinder\plugins\mcufinder//mcu/
2020-06-06 12:25:20,731 [WARN] DbFile:36 - Overriding database path with different value: C:\Users\danie\.stmcufinder\plugins\mcufinder/ => C:\Users\danie\.stmcufinder\plugins\mcufinder
2020-06-06 12:25:20,734 [WARN] DbFile:36 - Overriding database path with different value: C:\Users\danie\.stmcufinder\plugins\mcufinder/ => C:\Users\danie\.stmcufinder\plugins\mcufinder
2020-06-06 12:25:20,734 [INFO] CrossReferenceDbSqlite:197 - Set database path to: C:\Users\danie\.stmcufinder\plugins\mcufinder//mcu/cs/
2020-06-06 12:25:20,768 [INFO] ApplicationProperties:181 - Using Application install path: C:\ST\STM32CubeIDE_1.3.0\STM32CubeIDE\plugins\com.st.stm32cube.common.mx_5.6.0.202002181639
2020-06-06 12:25:20,770 [INFO] PluginManage:178 - Search for loadable plugins [exclusion list=, tutovideos]
2020-06-06 12:25:20,772 [INFO] PluginManage:292 - Check plugin analytics
2020-06-06 12:25:20,841 [INFO] PluginManage:342 - Loaded plugin analytics (category:tool,tabindex:-1)
2020-06-06 12:25:20,841 [INFO] PluginManage:292 - Check plugin clock
2020-06-06 12:25:20,887 [INFO] PluginManage:342 - Loaded plugin clock (category:base,tabindex:2)
2020-06-06 12:25:20,887 [INFO] PluginManage:292 - Check plugin ddr
2020-06-06 12:25:20,901 [INFO] PluginManage:342 - Loaded plugin ddr (category:tool,tabindex:6)
2020-06-06 12:25:20,901 [INFO] PluginManage:292 - Check plugin filemanager
2020-06-06 12:25:21,148 [INFO] PluginManage:342 - Loaded plugin filemanager (category:base,tabindex:10)
2020-06-06 12:25:21,148 [INFO] PluginManage:292 - Check plugin ipmanager
2020-06-06 12:25:21,182 [INFO] PluginManage:342 - Loaded plugin ipmanager (category:base,tabindex:5)
2020-06-06 12:25:21,182 [INFO] PluginManage:292 - Check plugin pinoutandconfiguration
2020-06-06 12:25:21,218 [INFO] PluginManage:342 - Loaded plugin pinoutandconfiguration (category:base,tabindex:1)
2020-06-06 12:25:21,218 [INFO] PluginManage:292 - Check plugin pinoutconfig
2020-06-06 12:25:21,270 [INFO] PluginManage:342 - Loaded plugin pinoutconfig (category:base,tabindex:0)
2020-06-06 12:25:21,270 [INFO] PluginManage:292 - Check plugin power
2020-06-06 12:25:21,352 [INFO] PluginManage:342 - Loaded plugin power (category:power,tabindex:4)
2020-06-06 12:25:21,352 [INFO] PluginManage:292 - Check plugin projectmanager
2020-06-06 12:25:21,402 [INFO] PluginManage:342 - Loaded plugin projectmanager (category:projectmanager,tabindex:3)
2020-06-06 12:25:21,402 [INFO] PluginManage:292 - Check plugin thirdparty
2020-06-06 12:25:21,567 [INFO] ThirdPartyDb:295 - Open Third Party DataBase File (C:/Users/danie/.stm32cubemx/plugins/thirdparty/db/thirdparties_db.xml) : 40 ms. number of Sw pack : 12
2020-06-06 12:25:21,613 [INFO] PluginManage:342 - Loaded plugin thirdparty (category:base,tabindex:-1)
2020-06-06 12:25:21,613 [INFO] PluginManage:292 - Check plugin tools
2020-06-06 12:25:21,628 [INFO] PluginManage:342 - Loaded plugin tools (category:base,tabindex:7)
2020-06-06 12:25:21,628 [INFO] PluginManage:292 - Check plugin tutovideos
2020-06-06 12:25:21,645 [INFO] PluginManage:347 - Ignore plugin tutovideos (category:base)
2020-06-06 12:25:21,646 [INFO] PluginManage:292 - Check plugin updater
2020-06-06 12:25:21,701 [INFO] PluginManage:342 - Loaded plugin updater (category:base,tabindex:12)
2020-06-06 12:25:21,701 [INFO] PluginManage:265 - PluginManage : Loaded plugins [12]
2020-06-06 12:25:22,111 [INFO] PinOutPanel:1420 - setPackage(No Configuration,No Configuration)
2020-06-06 12:25:22,491 [INFO] IPUIPlugin:65 - create IPUIPlugin
2020-06-06 12:25:22,491 [INFO] PluginManager:200 - loadIPPluginJar : add adc
2020-06-06 12:25:22,508 [INFO] IPUIPlugin:65 - create IPUIPlugin
2020-06-06 12:25:22,508 [INFO] PluginManager:200 - loadIPPluginJar : add aes
2020-06-06 12:25:22,523 [INFO] IPUIPlugin:65 - create IPUIPlugin
2020-06-06 12:25:22,523 [INFO] PluginManager:200 - loadIPPluginJar : add can
2020-06-06 12:25:22,545 [INFO] IPUIPlugin:65 - create IPUIPlugin
2020-06-06 12:25:22,545 [INFO] PluginManager:200 - loadIPPluginJar : add comp
2020-06-06 12:25:22,549 [INFO] IPUIPlugin:65 - create IPUIPlugin
2020-06-06 12:25:22,550 [INFO] PluginManager:200 - loadIPPluginJar : add cryp
2020-06-06 12:25:22,566 [INFO] IPUIPlugin:65 - create IPUIPlugin
2020-06-06 12:25:22,566 [INFO] PluginManager:200 - loadIPPluginJar : add dfsdm
2020-06-06 12:25:22,605 [INFO] IPUIPlugin:65 - create IPUIPlugin
2020-06-06 12:25:22,605 [INFO] PluginManager:200 - loadIPPluginJar : add dma
2020-06-06 12:25:22,627 [INFO] IPUIPlugin:65 - create IPUIPlugin
2020-06-06 12:25:22,627 [INFO] PluginManager:200 - loadIPPluginJar : add fatfs
2020-06-06 12:25:22,642 [INFO] IPUIPlugin:65 - create IPUIPlugin
2020-06-06 12:25:22,645 [INFO] PluginManager:200 - loadIPPluginJar : add fmc
2020-06-06 12:25:22,659 [INFO] IPUIPlugin:65 - create IPUIPlugin
2020-06-06 12:25:22,659 [INFO] PluginManager:200 - loadIPPluginJar : add freertos
2020-06-06 12:25:22,665 [INFO] IPUIPlugin:65 - create IPUIPlugin
2020-06-06 12:25:22,665 [INFO] PluginManager:200 - loadIPPluginJar : add genericplugin
2020-06-06 12:25:22,682 [INFO] IPUIPlugin:65 - create IPUIPlugin
2020-06-06 12:25:22,682 [INFO] PluginManager:200 - loadIPPluginJar : add gfxmmu
2020-06-06 12:25:22,694 [INFO] IPUIPlugin:65 - create IPUIPlugin
2020-06-06 12:25:22,694 [INFO] PluginManager:200 - loadIPPluginJar : add gic
2020-06-06 12:25:22,757 [INFO] IPUIPlugin:65 - create IPUIPlugin
2020-06-06 12:25:22,757 [INFO] PluginManager:200 - loadIPPluginJar : add gpio
2020-06-06 12:25:22,781 [INFO] IPUIPlugin:65 - create IPUIPlugin
2020-06-06 12:25:22,781 [INFO] PluginManager:200 - loadIPPluginJar : add gtzc
2020-06-06 12:25:22,798 [INFO] IPUIPlugin:65 - create IPUIPlugin
2020-06-06 12:25:22,798 [INFO] PluginManager:200 - loadIPPluginJar : add hash
2020-06-06 12:25:22,813 [INFO] IPUIPlugin:65 - create IPUIPlugin
2020-06-06 12:25:22,815 [INFO] PluginManager:200 - loadIPPluginJar : add i2c
2020-06-06 12:25:22,830 [INFO] IPUIPlugin:65 - create IPUIPlugin
2020-06-06 12:25:22,830 [INFO] PluginManager:200 - loadIPPluginJar : add i2s
2020-06-06 12:25:22,843 [INFO] IPUIPlugin:65 - create IPUIPlugin
2020-06-06 12:25:22,843 [INFO] PluginManager:200 - loadIPPluginJar : add ipddr
2020-06-06 12:25:22,878 [INFO] IPUIPlugin:65 - create IPUIPlugin
2020-06-06 12:25:22,879 [INFO] PluginManager:200 - loadIPPluginJar : add ltdc
2020-06-06 12:25:22,890 [INFO] IPUIPlugin:65 - create IPUIPlugin
2020-06-06 12:25:22,890 [INFO] PluginManager:200 - loadIPPluginJar : add mdma
2020-06-06 12:25:22,920 [INFO] IPUIPlugin:65 - create IPUIPlugin
2020-06-06 12:25:22,920 [INFO] PluginManager:200 - loadIPPluginJar : add nvic
2020-06-06 12:25:22,951 [INFO] IPUIPlugin:65 - create IPUIPlugin
2020-06-06 12:25:22,951 [INFO] PluginManager:200 - loadIPPluginJar : add opamp
2020-06-06 12:25:22,963 [INFO] IPUIPlugin:65 - create IPUIPlugin
2020-06-06 12:25:22,965 [INFO] PluginManager:200 - loadIPPluginJar : add pdm2pcm
2020-06-06 12:25:22,982 [INFO] IPUIPlugin:65 - create IPUIPlugin
2020-06-06 12:25:22,989 [INFO] PluginManager:200 - loadIPPluginJar : add plateformsettings
2020-06-06 12:25:22,989 [INFO] IPUIPlugin:65 - create IPUIPlugin
2020-06-06 12:25:22,989 [INFO] PluginManager:200 - loadIPPluginJar : add quadspi
2020-06-06 12:25:23,019 [INFO] IPUIPlugin:65 - create IPUIPlugin
2020-06-06 12:25:23,019 [INFO] PluginManager:200 - loadIPPluginJar : add resmgrutility
2020-06-06 12:25:23,042 [INFO] IPUIPlugin:65 - create IPUIPlugin
2020-06-06 12:25:23,042 [INFO] PluginManager:200 - loadIPPluginJar : add sai
2020-06-06 12:25:23,053 [INFO] IPUIPlugin:65 - create IPUIPlugin
2020-06-06 12:25:23,054 [INFO] PluginManager:200 - loadIPPluginJar : add spi
2020-06-06 12:25:23,071 [INFO] IPUIPlugin:65 - create IPUIPlugin
2020-06-06 12:25:23,071 [INFO] PluginManager:200 - loadIPPluginJar : add stm32_wpan
2020-06-06 12:25:23,087 [INFO] IPUIPlugin:65 - create IPUIPlugin
2020-06-06 12:25:23,087 [INFO] PluginManager:200 - loadIPPluginJar : add tim
2020-06-06 12:25:23,089 [INFO] IPUIPlugin:65 - create IPUIPlugin
2020-06-06 12:25:23,091 [INFO] PluginManager:200 - loadIPPluginJar : add touchsensing
2020-06-06 12:25:23,093 [INFO] IPUIPlugin:65 - create IPUIPlugin
2020-06-06 12:25:23,093 [INFO] PluginManager:200 - loadIPPluginJar : add tracer_emb
2020-06-06 12:25:23,103 [INFO] IPUIPlugin:65 - create IPUIPlugin
2020-06-06 12:25:23,104 [INFO] PluginManager:200 - loadIPPluginJar : add ts
2020-06-06 12:25:23,105 [INFO] IPUIPlugin:65 - create IPUIPlugin
2020-06-06 12:25:23,116 [INFO] PluginManager:200 - loadIPPluginJar : add tsc
2020-06-06 12:25:23,117 [INFO] IPUIPlugin:65 - create IPUIPlugin
2020-06-06 12:25:23,117 [INFO] PluginManager:200 - loadIPPluginJar : add ucpd
2020-06-06 12:25:23,137 [INFO] IPUIPlugin:65 - create IPUIPlugin
2020-06-06 12:25:23,137 [INFO] PluginManager:200 - loadIPPluginJar : add usart
2020-06-06 12:25:24,017 [INFO] BoardConnectionPanel:3472 - [DDR PANEL] STM32CubeIDE environment
2020-06-06 12:25:24,018 [INFO] MainDdrPanel:103 - [DDR PANEL] GETTER - cubeProgrammerPath is: null
2020-06-06 12:25:24,369 [FATAL] Updater:277 - Updater called before beeing initialized
2020-06-06 12:25:24,587 [FATAL] Updater:277 - Updater called before beeing initialized
2020-06-06 12:25:24,588 [ERROR] IntegrityCheckThread:252 - Cannot obtain thirdParties list 21
2020-06-06 12:25:24,588 [ERROR] IntegrityCheckThread:100 - Unexpected exception IntegrityCheckThread Thread: Updater error
2020-06-06 12:25:24,588 [INFO] ThirdPartyDb:261 - Close Third Party DataBase File (C:/Users/danie/.stm32cubemx/plugins/thirdparty/db/thirdparties_db.xml)
2020-06-06 12:25:24,710 [FATAL] Updater:277 - Updater called before beeing initialized
2020-06-06 12:25:24,718 [INFO] PinOutPanel:1420 - setPackage(No Configuration,No Configuration)
2020-06-06 12:25:24,719 [FATAL] Updater:277 - Updater called before beeing initialized
2020-06-06 12:25:24,721 [INFO] BoardConnectionPanel:3472 - [DDR PANEL] STM32CubeIDE environment
2020-06-06 12:25:24,721 [INFO] MainDdrPanel:103 - [DDR PANEL] GETTER - cubeProgrammerPath is: C:\ST\STM32CubeIDE_1.3.0\STM32CubeIDE\plugins\com.st.stm32cube.ide.mcu.externaltools.cubeprogrammer.win32_1.3.0.202002181050\tools\bin
2020-06-06 12:25:24,737 [INFO] ProgrammerExecThread:148 - [ProgrammerAPI] CubeProgrammer command construction: C:\ST\STM32CubeIDE_1.3.0\STM32CubeIDE\plugins\com.st.stm32cube.ide.mcu.externaltools.cubeprogrammer.win32_1.3.0.202002181050\tools\bin\STM32_Programmer_CLI.exe -l
2020-06-06 12:25:25,048 [INFO] MainDdrPanel:93 - [DDR PANEL] SETTER - Set cubeProgrammerPath to: C:\ST\STM32CubeIDE_1.3.0\STM32CubeIDE\plugins\com.st.stm32cube.ide.mcu.externaltools.cubeprogrammer.win32_1.3.0.202002181050\tools\bin
2020-06-06 12:25:25,128 [INFO] Updater:886 - Updater Version found : 5.6.0
2020-06-06 12:25:25,190 [INFO] ApplicationProperties:181 - Using Application install path: C:\ST\STM32CubeIDE_1.3.0\STM32CubeIDE\plugins\com.st.stm32cube.common.mx_5.6.0.202002181639
2020-06-06 12:25:25,670 [INFO] MainUpdater:2230 - connection check result : 10
2020-06-06 12:25:25,670 [INFO] MainUpdater:236 - Updater Check For Update Now.
2020-06-06 12:25:25,670 [INFO] MicroXplorer:420 - Change Database Version : DB.5.0.60
2020-06-06 12:25:25,852 [INFO] CheckServerUpdateThread:92 - End of CheckServer Thread
2020-06-06 12:25:25,953 [INFO] MainUpdater:2230 - connection check result : 10
2020-06-06 12:25:25,954 [INFO] LogOutputStream:76 - [STDOUT_REDIRECT] Successfull proxy connection.
2020-06-06 12:25:26,473 [INFO] McuFinderGlobals:40 - Set McuFinder mode to 2 (CubeIDE integrated)
2020-06-06 12:25:26,499 [INFO] FinderPluginLoader:86 - Searching for filters in installed packs
2020-06-06 12:25:26,502 [INFO] DbMcusXml:110 - Load MCU database from C:\ST\STM32CubeIDE_1.3.0\STM32CubeIDE\plugins\com.st.stm32cube.common.mx_5.6.0.202002181639\\db\/mcu/families.xml
2020-06-06 12:25:28,105 [INFO] DbMcusJson:90 - JSON generation date=Wed Jun 03 10:10:31 CDT 2020 (1591197031)
2020-06-06 12:25:29,105 [INFO] DbMcus:171 - Found 1670 MCUs (1625 are supported by CubeMX, 1625 are visible in CubeMX)
2020-06-06 12:25:29,119 [INFO] ApiDb:158 - Load user favorites file C:\Users\danie/.stm32cubeide/favorites.mcus.txt: 0 item(s)
2020-06-06 12:25:29,119 [INFO] ApiDb:163 - User favorites MCUs=[]
2020-06-06 12:25:29,120 [INFO] DbMcus:183 - Set 0 / 0 favorites MCUs
2020-06-06 12:25:30,612 [INFO] DbMcusAds:143 - JSON generation date=Thu Apr 30 08:50:56 CDT 2020 (1588254656)
2020-06-06 12:25:30,620 [INFO] LoadUrlFilesThread:161 - End of LoadServerUrlFiles without Thread
2020-06-06 12:25:30,666 [INFO] McuDetailPanel:181 - Set advertising image to C:/Users/danie/STM32Cube/Repository/\PR_STM32Cube_GitHub_0320_V1.png
2020-06-06 12:25:31,106 [INFO] McuFilterPanel:249 - Update 0 favorites MCUs
2020-06-06 12:25:31,331 [INFO] DbBoardsPdsc:92 - Found 22 items
2020-06-06 12:25:31,350 [INFO] DbBoardsPdsc:92 - Found 9 items
2020-06-06 12:25:31,364 [INFO] DbBoardsPdsc:92 - Found 28 items
2020-06-06 12:25:31,368 [INFO] DbBoardsPdsc:92 - Found 1 items
2020-06-06 12:25:31,396 [INFO] DbBoardsPdsc:92 - Found 40 items
2020-06-06 12:25:31,413 [INFO] DbBoardsPdsc:92 - Found 39 items
2020-06-06 12:25:31,430 [INFO] DbBoardsPdsc:92 - Found 2 items
2020-06-06 12:25:31,448 [INFO] DbBoardsPdsc:92 - Found 4 items
2020-06-06 12:25:31,452 [WARN] DbBoardsPdsc:256 - Board STM32H7B3I-DK: unknown feature type=Audio, name=, username=Audio stereo codec with Headphone Amp (CS42L51-CNZ), n=1
2020-06-06 12:25:31,452 [WARN] DbBoardsPdsc:256 - Board STM32H7B3I-DK: unknown feature type=WIFI, name=, username=WIFI 802.11 b/g/n, n=1
2020-06-06 12:25:31,452 [WARN] DbBoardsPdsc:256 - Board STM32H7B3I-EVAL: unknown feature type=Audio, name=, username=Multi-Channel Audio Codec (CS42L51-CNZ), n=1
2020-06-06 12:25:31,452 [WARN] DbBoardsPdsc:256 - Board STM32H7B3I-EVAL: unknown feature type=Meter, name=, username=Power-metering and Temperature-monitoring with sigma-delta modulators, n=1
2020-06-06 12:25:31,452 [WARN] DbBoardsPdsc:256 - Board STM32H7B3I-EVAL: unknown feature type=WIFI, name=, username=WIFI 802.11 a/b/g/n, n=1
2020-06-06 12:25:31,452 [WARN] DbBoardsPdsc:256 - Board STM32H7B3I-EVAL: unknown feature type=Motor, name=, username=Motor Control, n=1
2020-06-06 12:25:31,582 [INFO] DbBoardsJson:80 - JSON generation date=Wed May 20 06:36:55 CDT 2020 (1589974615)
2020-06-06 12:25:31,587 [INFO] DbBoards:120 - Found 145 boards (142 are supported by CubeMX)
2020-06-06 12:25:31,672 [INFO] DbBoardsDocs:131 - JSON generation date=Wed Jun 03 10:10:31 CDT 2020 (1591197031)
2020-06-06 12:25:31,707 [INFO] DbBoardsDocs:70 - Found 183 boards documents
2020-06-06 12:25:31,710 [WARN] DbBoards:130 - board NUCLEO-H743ZI2 has no document id list !
2020-06-06 12:25:31,712 [WARN] DbBoards:130 - board P-NUCLEO-WB55-Nucleo has no document id list !
2020-06-06 12:25:31,712 [WARN] DbBoards:130 - board P-NUCLEO-WB55-USBDongle has no document id list !
2020-06-06 12:25:31,712 [WARN] DbBoards:130 - board NUCLEO-WB35CE has no document id list !
2020-06-06 12:25:31,713 [WARN] DbBoards:130 - board STM32F401C-DISCO has no document id list !
2020-06-06 12:25:31,713 [WARN] DbBoards:130 - board STM32F769I-DISC1 has no document id list !
2020-06-06 12:25:31,714 [WARN] DbBoards:130 - board STM32L-DISCOVERY has no document id list !
2020-06-06 12:25:31,714 [WARN] DbBoards:130 - board STM32H747I-DISC1 has no document id list !
2020-06-06 12:25:31,715 [WARN] DbBoards:130 - board STM32MP157A-DK1 has no document id list !
2020-06-06 12:25:31,716 [WARN] DbBoards:130 - board STM32H743I-EVAL2 has no document id list !
2020-06-06 12:25:31,716 [WARN] DbBoards:130 - board STM32H753I-EVAL2 has no document id list !
2020-06-06 12:25:31,716 [WARN] DbBoards:130 - board STM32G474E-EVAL1 has no document id list !
2020-06-06 12:25:31,716 [WARN] DbBoards:130 - board STEVAL-BFA001V1B has no document id list !
2020-06-06 12:25:31,717 [WARN] DbBoards:130 - board STEVAL-BFA001V2B has no document id list !
2020-06-06 12:25:31,717 [WARN] DbBoards:130 - board STEVAL-MKSBOX1V1 has no document id list !
2020-06-06 12:25:31,718 [WARN] DbBoards:130 - board STEVAL-STWINKT1 has no document id list !
2020-06-06 12:25:31,718 [WARN] DbBoards:130 - board STEVAL-IDP005V1 has no document id list !
2020-06-06 12:25:31,718 [WARN] DbBoards:130 - board STEVAL-IDP005V2 has no document id list !
2020-06-06 12:25:35,200 [INFO] ApiDb:158 - Load user favorites file C:\Users\danie/.stm32cubeide/favorites.boards.txt: 0 item(s)
2020-06-06 12:25:35,200 [INFO] ApiDb:163 - User favorites Boards=[]
2020-06-06 12:25:35,200 [INFO] DbBoards:209 - Set 0 / 0 favorites Boards
2020-06-06 12:25:35,297 [INFO] LoadUrlFilesThread:161 - End of LoadServerUrlFiles without Thread
2020-06-06 12:25:35,298 [INFO] BoardDetailPanel:180 - Set advertising image to C:/Users/danie/STM32Cube/Repository/\PR_STM32Cube_GitHub_0320_V1.png
2020-06-06 12:25:35,322 [INFO] BoardFilterPanel:211 - Update 0 favorites Boards
2020-06-06 12:25:35,976 [INFO] CrossSelectorPresenter:1319 - Cross Selector saved comparison directory: C:\Users\danie\.stmcufinder\plugins\mcufinder\mcu\cs_comparisons_mx
2020-06-06 12:26:56,298 [INFO] DbMcusDocs:142 - JSON generation date=Wed Jun 03 10:10:31 CDT 2020 (1591197031)
2020-06-06 12:26:56,589 [INFO] DbMcusDocs:77 - Found 580 MCUs documents
2020-06-06 12:29:05,644 [INFO] LogOutputStream:76 - [STDOUT_REDIRECT] withoutVersionV1.25.0
2020-06-06 12:29:11,662 [INFO] LogOutputStream:76 - [STDOUT_REDIRECT] File copied successfully!!
2020-06-06 12:29:13,618 [INFO] MainUpdater:2230 - connection check result : 10
2020-06-06 12:29:13,702 [INFO] MicroXplorer:390 - Change Database Path : 
2020-06-06 12:29:13,702 [INFO] MicroXplorer:420 - Change Database Version : DB.5.0.60
2020-06-06 12:29:13,705 [INFO] PinOutPanel:1420 - setPackage(No Configuration,No Configuration)
2020-06-06 12:29:13,706 [INFO] UtilMem:74 - Begin LoadConfig() Used Memory: 476751552 Bytes (657457152)
2020-06-06 12:29:13,706 [INFO] MicroXplorer:390 - Change Database Path : 
2020-06-06 12:29:13,706 [INFO] MicroXplorer:420 - Change Database Version : DB.5.0.60
2020-06-06 12:29:13,707 [INFO] OpenFileManager:274 - Change cursor
2020-06-06 12:29:16,754 [INFO] ImportTextPane:162 - (OptionalMessage_ERROR) Unable to find key (Mcu.ThirdPartyNb) in loaded IOC file
2020-06-06 12:29:16,755 [INFO] ImportTextPane:162 - (OptionalMessage_ERROR) Unable to find key (Mcu.PinsNb) in loaded IOC file
2020-06-06 12:29:16,755 [INFO] ImportTextPane:162 - (OptionalMessage_ERROR) Unable to find key (Mcu.IPNb) in loaded IOC file
2020-06-06 12:29:17,214 [INFO] UtilMem:74 - End LoadConfig() Used Memory: 599144600 Bytes (741343232)
2020-06-06 12:29:17,230 [INFO] ThirdPartyDb:295 - Open Third Party DataBase File (C:/Users/danie/.stm32cubemx/plugins/thirdparty/db/thirdparties_db.xml) : 16 ms. number of Sw pack : 12
2020-06-06 12:29:17,292 [INFO] DependencyParser:785 - This component is not compatible with the current MCU : [1583612370684]
2020-06-06 12:29:17,292 [INFO] ThirdPartyModel:521 - Component with status : MCU_INCOMPATIBLE for condition : OS Tick GTIM id : 1583612370011
2020-06-06 12:29:17,292 [INFO] DependencyParser:785 - This component is not compatible with the current MCU : [1583612373260, 1583612370767]
2020-06-06 12:29:17,428 [INFO] ThirdParty:899 - CMSIS Pack Vendor :STMicroelectronics X-CUBE-BLE1 5.0.0
2020-06-06 12:29:17,428 [INFO] ThirdParty:899 - CMSIS Pack Vendor :STMicroelectronics X-CUBE-SUBG2 1.1.0
2020-06-06 12:29:17,428 [INFO] ThirdParty:899 - CMSIS Pack Vendor :STMicroelectronics X-CUBE-GNSS1 4.1.0
2020-06-06 12:29:17,428 [INFO] ThirdParty:899 - CMSIS Pack Vendor :ARM CMSIS 5.6.0
2020-06-06 12:29:17,428 [INFO] ThirdParty:899 - CMSIS Pack Vendor :STMicroelectronics X-CUBE-TOUCHGFX 4.13.0
2020-06-06 12:29:17,428 [INFO] ThirdParty:899 - CMSIS Pack Vendor :STMicroelectronics X-CUBE-NFC4 1.5.2
2020-06-06 12:29:17,428 [INFO] ThirdParty:899 - CMSIS Pack Vendor :STMicroelectronics X-CUBE-MEMS1 7.1.0
2020-06-06 12:29:17,428 [INFO] ThirdParty:899 - CMSIS Pack Vendor :STMicroelectronics FreeRTOS 0.0.1
2020-06-06 12:29:17,428 [INFO] ThirdParty:899 - CMSIS Pack Vendor :STMicroelectronics X-CUBE-ALGOBUILD 1.0.0
2020-06-06 12:29:17,428 [INFO] ThirdParty:899 - CMSIS Pack Vendor :STMicroelectronics X-CUBE-MEMS1 7.2.0
2020-06-06 12:29:17,428 [INFO] ThirdParty:899 - CMSIS Pack Vendor :STMicroelectronics X-CUBE-AI 5.0.0
2020-06-06 12:29:17,428 [INFO] ThirdParty:899 - CMSIS Pack Vendor :STMicroelectronics X-CUBE-BLE2 1.0.0
2020-06-06 12:29:17,858 [INFO] PinOutPanel:1420 - setPackage(No Configuration,No Configuration)
2020-06-06 12:29:17,860 [INFO] PinOutPanel:1420 - setPackage(STM32F429ZITx,LQFP144)
2020-06-06 12:29:18,374 [INFO] UtilMem:74 - Before build in PCC Used Memory: 499329408 Bytes (741343232)
2020-06-06 12:29:18,977 [INFO] SharedServices:71 - Folder for power plug-in: C:/Users/danie/.stm32cubemx/plugins/power
2020-06-06 12:29:19,020 [INFO] SharedServices:71 - Folder for power plug-in: C:/Users/danie/.stm32cubemx/plugins/power
2020-06-06 12:29:19,070 [INFO] SharedServices:71 - Folder for power plug-in: C:/Users/danie/.stm32cubemx/plugins/power
2020-06-06 12:29:19,070 [INFO] SharedServices:71 - Folder for power plug-in: C:/Users/danie/.stm32cubemx/plugins/power
2020-06-06 12:29:19,372 [INFO] UtilMem:74 - After build in PCC Used Memory: 560673144 Bytes (741343232)
2020-06-06 12:29:19,396 [INFO] IPUIPlugin:65 - create IPUIPlugin
2020-06-06 12:29:19,396 [INFO] IPUIPlugin:65 - create IPUIPlugin
2020-06-06 12:29:19,396 [INFO] IPUIPlugin:65 - create IPUIPlugin
2020-06-06 12:29:19,396 [INFO] IPUIPlugin:65 - create IPUIPlugin
2020-06-06 12:29:19,396 [INFO] IPUIPlugin:65 - create IPUIPlugin
2020-06-06 12:29:19,396 [INFO] IPUIPlugin:65 - create IPUIPlugin
2020-06-06 12:29:19,396 [INFO] IPUIPlugin:65 - create IPUIPlugin
2020-06-06 12:29:19,396 [INFO] IPUIPlugin:65 - create IPUIPlugin
2020-06-06 12:29:19,396 [INFO] IPUIPlugin:65 - create IPUIPlugin
2020-06-06 12:29:19,396 [INFO] IPUIPlugin:65 - create IPUIPlugin
2020-06-06 12:29:19,396 [INFO] IPUIPlugin:65 - create IPUIPlugin
2020-06-06 12:29:19,396 [INFO] IPUIPlugin:65 - create IPUIPlugin
2020-06-06 12:29:19,396 [INFO] IPUIPlugin:65 - create IPUIPlugin
2020-06-06 12:29:19,396 [INFO] IPUIPlugin:65 - create IPUIPlugin
2020-06-06 12:29:19,396 [INFO] IPUIPlugin:65 - create IPUIPlugin
2020-06-06 12:29:19,396 [INFO] IPUIPlugin:65 - create IPUIPlugin
2020-06-06 12:29:19,396 [INFO] IPUIPlugin:65 - create IPUIPlugin
2020-06-06 12:29:19,396 [INFO] IPUIPlugin:65 - create IPUIPlugin
2020-06-06 12:29:19,396 [INFO] IPUIPlugin:65 - create IPUIPlugin
2020-06-06 12:29:19,396 [INFO] IPUIPlugin:65 - create IPUIPlugin
2020-06-06 12:29:19,396 [INFO] IPUIPlugin:65 - create IPUIPlugin
2020-06-06 12:29:19,406 [INFO] IPUIPlugin:65 - create IPUIPlugin
2020-06-06 12:29:19,406 [INFO] IPUIPlugin:65 - create IPUIPlugin
2020-06-06 12:29:19,406 [INFO] IPUIPlugin:65 - create IPUIPlugin
2020-06-06 12:29:19,407 [INFO] IPUIPlugin:65 - create IPUIPlugin
2020-06-06 12:29:19,407 [INFO] IPUIPlugin:65 - create IPUIPlugin
2020-06-06 12:29:19,407 [INFO] IPUIPlugin:65 - create IPUIPlugin
2020-06-06 12:29:19,407 [INFO] IPUIPlugin:65 - create IPUIPlugin
2020-06-06 12:29:19,407 [INFO] IPUIPlugin:65 - create IPUIPlugin
2020-06-06 12:29:19,407 [INFO] IPUIPlugin:65 - create IPUIPlugin
2020-06-06 12:29:19,407 [INFO] IPUIPlugin:65 - create IPUIPlugin
2020-06-06 12:29:19,407 [INFO] IPUIPlugin:65 - create IPUIPlugin
2020-06-06 12:29:19,407 [INFO] IPUIPlugin:65 - create IPUIPlugin
2020-06-06 12:29:19,407 [INFO] IPUIPlugin:65 - create IPUIPlugin
2020-06-06 12:29:19,407 [INFO] IPUIPlugin:65 - create IPUIPlugin
2020-06-06 12:29:19,407 [INFO] IPUIPlugin:65 - create IPUIPlugin
2020-06-06 12:29:19,407 [INFO] IPUIPlugin:65 - create IPUIPlugin
2020-06-06 12:29:19,407 [INFO] IPUIPlugin:65 - create IPUIPlugin
2020-06-06 12:29:19,407 [INFO] IPUIPlugin:65 - create IPUIPlugin
2020-06-06 12:29:19,407 [INFO] IPUIPlugin:65 - create IPUIPlugin
2020-06-06 12:29:19,407 [INFO] IPUIPlugin:65 - create IPUIPlugin
2020-06-06 12:29:19,407 [INFO] IPUIPlugin:65 - create IPUIPlugin
2020-06-06 12:29:19,407 [INFO] IPUIPlugin:65 - create IPUIPlugin
2020-06-06 12:29:19,407 [INFO] IPUIPlugin:65 - create IPUIPlugin
2020-06-06 12:29:19,407 [INFO] IPUIPlugin:65 - create IPUIPlugin
2020-06-06 12:29:19,407 [INFO] IPUIPlugin:65 - create IPUIPlugin
2020-06-06 12:29:19,407 [INFO] IPUIPlugin:65 - create IPUIPlugin
2020-06-06 12:29:19,407 [INFO] IPUIPlugin:65 - create IPUIPlugin
2020-06-06 12:29:19,407 [INFO] IPUIPlugin:65 - create IPUIPlugin
2020-06-06 12:29:19,407 [INFO] IPUIPlugin:65 - create IPUIPlugin
2020-06-06 12:29:19,407 [INFO] IPUIPlugin:65 - create IPUIPlugin
2020-06-06 12:29:19,407 [INFO] IPUIPlugin:65 - create IPUIPlugin
2020-06-06 12:29:19,407 [INFO] IPUIPlugin:65 - create IPUIPlugin
2020-06-06 12:29:19,407 [INFO] IPUIPlugin:65 - create IPUIPlugin
2020-06-06 12:29:19,407 [INFO] IPUIPlugin:65 - create IPUIPlugin
2020-06-06 12:29:19,407 [INFO] IPUIPlugin:65 - create IPUIPlugin
2020-06-06 12:29:19,407 [INFO] IPUIPlugin:65 - create IPUIPlugin
2020-06-06 12:29:19,407 [INFO] IPUIPlugin:65 - create IPUIPlugin
2020-06-06 12:29:19,407 [INFO] IPUIPlugin:65 - create IPUIPlugin
2020-06-06 12:29:19,407 [INFO] IPUIPlugin:65 - create IPUIPlugin
2020-06-06 12:29:19,407 [INFO] IPUIPlugin:65 - create IPUIPlugin
2020-06-06 12:29:19,407 [INFO] IPUIPlugin:65 - create IPUIPlugin
2020-06-06 12:29:19,407 [INFO] IPUIPlugin:65 - create IPUIPlugin
2020-06-06 12:29:19,407 [INFO] IPUIPlugin:65 - create IPUIPlugin
2020-06-06 12:29:19,407 [INFO] IPUIPlugin:65 - create IPUIPlugin
2020-06-06 12:29:19,407 [INFO] IPUIPlugin:65 - create IPUIPlugin
2020-06-06 12:29:19,481 [INFO] LogOutputStream:76 - [STDOUT_REDIRECT] toolchainItems.length=====1
2020-06-06 12:29:19,631 [INFO] OpenFileManager:294 - Restore cursor
2020-06-06 12:29:19,925 [INFO] UtilMem:74 - End SaveConfig() Used Memory: 616769920 Bytes (741343232)
2020-06-06 12:29:20,040 [INFO] UtilMem:74 - End SaveConfig() Used Memory: 625158528 Bytes (741343232)
2020-06-06 12:29:20,508 [INFO] BlockDiagram:2671 - set Specific Code input for plugin: SYS
2020-06-06 12:29:20,508 [INFO] BlockDiagram:2671 - set Specific Code input for plugin: NVIC
2020-06-06 12:29:20,512 [INFO] CodeGenerator:603 - code generatio: config db path: C:\ST\STM32CubeIDE_1.3.0\STM32CubeIDE\plugins\com.st.stm32cube.common.mx_5.6.0.202002181639\\db\
2020-06-06 12:29:20,838 [INFO] CodeEngine:188 - oldGeneratedFile, C:\Users\danie\Documents\School\Lab DSPs\finalproject-labDSPs\STM32F429-Disc1_CMSIS-DSPs_UART_0\MXTmpFiles\license.tmp_save
2020-06-06 12:29:21,335 [INFO] CodeEngine:206 - Generated code: C:\Users\danie\Documents\School\Lab DSPs\finalproject-labDSPs\STM32F429-Disc1_CMSIS-DSPs_UART_0\MXTmpFiles\license.tmp
2020-06-06 12:29:21,496 [INFO] LogOutputStream:76 - [STDOUT_REDIRECT] Debug : prepare data for NVIC
2020-06-06 12:29:21,496 [INFO] LogOutputStream:76 - [STDOUT_REDIRECT] Command line test
2020-06-06 12:29:21,502 [INFO] CodeEngine:188 - oldGeneratedFile, C:\Users\danie\Documents\School\Lab DSPs\finalproject-labDSPs\STM32F429-Disc1_CMSIS-DSPs_UART_0\Core\Src\stm32f4xx_it.c_save
2020-06-06 12:29:21,648 [INFO] CodeEngine:206 - Generated code: C:\Users\danie\Documents\School\Lab DSPs\finalproject-labDSPs\STM32F429-Disc1_CMSIS-DSPs_UART_0\Core\Src\stm32f4xx_it.c
2020-06-06 12:29:21,654 [INFO] CodeEngine:188 - oldGeneratedFile, C:\Users\danie\Documents\School\Lab DSPs\finalproject-labDSPs\STM32F429-Disc1_CMSIS-DSPs_UART_0\Core\Inc\stm32f4xx_it.h_save
2020-06-06 12:29:21,729 [INFO] CodeEngine:206 - Generated code: C:\Users\danie\Documents\School\Lab DSPs\finalproject-labDSPs\STM32F429-Disc1_CMSIS-DSPs_UART_0\Core\Inc\stm32f4xx_it.h
2020-06-06 12:29:21,739 [INFO] CodeEngine:188 - oldGeneratedFile, C:\Users\danie\Documents\School\Lab DSPs\finalproject-labDSPs\STM32F429-Disc1_CMSIS-DSPs_UART_0\Core\Src\stm32f4xx_hal_msp.c_save
2020-06-06 12:29:21,851 [INFO] CodeEngine:206 - Generated code: C:\Users\danie\Documents\School\Lab DSPs\finalproject-labDSPs\STM32F429-Disc1_CMSIS-DSPs_UART_0\Core\Src\stm32f4xx_hal_msp.c
2020-06-06 12:29:21,857 [INFO] CodeEngine:188 - oldGeneratedFile, C:\Users\danie\Documents\School\Lab DSPs\finalproject-labDSPs\STM32F429-Disc1_CMSIS-DSPs_UART_0\MXTmpFiles\system.tmp_save
2020-06-06 12:29:21,944 [INFO] CodeEngine:206 - Generated code: C:\Users\danie\Documents\School\Lab DSPs\finalproject-labDSPs\STM32F429-Disc1_CMSIS-DSPs_UART_0\MXTmpFiles\system.tmp
2020-06-06 12:29:21,953 [INFO] CodeEngine:188 - oldGeneratedFile, C:\Users\danie\Documents\School\Lab DSPs\finalproject-labDSPs\STM32F429-Disc1_CMSIS-DSPs_UART_0\Core\Inc\stm32f4xx_hal_conf.h_save
2020-06-06 12:29:22,074 [INFO] CodeEngine:206 - Generated code: C:\Users\danie\Documents\School\Lab DSPs\finalproject-labDSPs\STM32F429-Disc1_CMSIS-DSPs_UART_0\Core\Inc\stm32f4xx_hal_conf.h
2020-06-06 12:29:22,105 [INFO] CodeEngine:188 - oldGeneratedFile, C:\Users\danie\Documents\School\Lab DSPs\finalproject-labDSPs\STM32F429-Disc1_CMSIS-DSPs_UART_0\Core\Inc\main.h_save
2020-06-06 12:29:22,190 [INFO] CodeEngine:206 - Generated code: C:\Users\danie\Documents\School\Lab DSPs\finalproject-labDSPs\STM32F429-Disc1_CMSIS-DSPs_UART_0\Core\Inc\main.h
2020-06-06 12:29:22,198 [INFO] CodeEngine:188 - oldGeneratedFile, C:\Users\danie\Documents\School\Lab DSPs\finalproject-labDSPs\STM32F429-Disc1_CMSIS-DSPs_UART_0\Core\Src\main.c_save
2020-06-06 12:29:22,330 [INFO] CodeEngine:206 - Generated code: C:\Users\danie\Documents\School\Lab DSPs\finalproject-labDSPs\STM32F429-Disc1_CMSIS-DSPs_UART_0\Core\Src\main.c
2020-06-06 12:29:23,502 [INFO] ProjectBuilder:2002 - Time for Copy HAL[1] : 416mS.
2020-06-06 12:29:23,512 [INFO] ProjectBuilder:2727 - Project Generator version: 3.7.1
2020-06-06 12:29:23,756 [INFO] ConfigFileManager:1066 - The Die is : DIE419
2020-06-06 12:29:33,672 [INFO] ProjectBuilder:2894 - Time for Generating toolchain IDE Files: 10160mS.
2020-06-06 12:29:33,672 [INFO] ProjectBuilder:1878 - Time for Copy CMSIS : 0mS.
2020-06-06 12:29:33,682 [INFO] ProjectBuilder:1878 - Time for Copy CMSIS : 0mS.
2020-06-06 12:29:51,803 [INFO] ApiDbMcu:451 - Load IP Config File for ARM.CMSIS.5.6.0
2020-06-06 12:29:52,298 [INFO] IPUIPlugin:65 - create IPUIPlugin
2020-06-06 12:29:52,340 [INFO] BinarySerializedPackPreferences:66 - Sw Pack name : STMicroelectronics.X-CUBE-BLE1.5.0.0 preferred : false
2020-06-06 12:29:52,340 [INFO] BinarySerializedPackPreferences:66 - Sw Pack name : STMicroelectronics.X-CUBE-SUBG2.1.1.0 preferred : false
2020-06-06 12:29:52,340 [INFO] BinarySerializedPackPreferences:66 - Sw Pack name : STMicroelectronics.X-CUBE-GNSS1.4.1.0 preferred : false
2020-06-06 12:29:52,340 [INFO] BinarySerializedPackPreferences:66 - Sw Pack name : ARM.CMSIS.5.6.0 preferred : false
2020-06-06 12:29:52,340 [INFO] BinarySerializedPackPreferences:66 - Sw Pack name : STMicroelectronics.FreeRTOS.0.0.1 preferred : false
2020-06-06 12:29:52,340 [INFO] BinarySerializedPackPreferences:66 - Sw Pack name : STMicroelectronics.X-CUBE-ALGOBUILD.1.0.0 preferred : false
2020-06-06 12:29:52,340 [INFO] BinarySerializedPackPreferences:66 - Sw Pack name : STMicroelectronics.X-CUBE-TOUCHGFX.4.13.0 preferred : false
2020-06-06 12:29:52,340 [INFO] BinarySerializedPackPreferences:66 - Sw Pack name : STMicroelectronics.X-CUBE-NFC4.1.5.2 preferred : false
2020-06-06 12:29:52,340 [INFO] BinarySerializedPackPreferences:66 - Sw Pack name : STMicroelectronics.X-CUBE-MEMS1.7.1.0 preferred : false
2020-06-06 12:29:52,340 [INFO] BinarySerializedPackPreferences:66 - Sw Pack name : STMicroelectronics.X-CUBE-MEMS1.7.2.0 preferred : false
2020-06-06 12:29:52,340 [INFO] BinarySerializedPackPreferences:66 - Sw Pack name : STMicroelectronics.X-CUBE-AI.5.0.0 preferred : false
2020-06-06 12:29:52,340 [INFO] BinarySerializedPackPreferences:66 - Sw Pack name : STMicroelectronics.X-CUBE-BLE2.1.0.0 preferred : false
2020-06-06 12:31:48,428 [INFO] UtilMem:74 - End SaveConfig() Used Memory: 548156816 Bytes (767557632)
2020-06-06 12:31:48,668 [INFO] UtilMem:74 - End SaveConfig() Used Memory: 568602008 Bytes (767557632)
2020-06-06 12:31:48,866 [INFO] BlockDiagram:2671 - set Specific Code input for plugin: SYS
2020-06-06 12:31:48,866 [INFO] BlockDiagram:2671 - set Specific Code input for plugin: RCC
2020-06-06 12:31:48,866 [INFO] BlockDiagram:2671 - set Specific Code input for plugin: NVIC
2020-06-06 12:31:48,866 [INFO] BlockDiagram:2671 - set Specific Code input for plugin: USART
2020-06-06 12:31:48,866 [INFO] BlockDiagram:2671 - set Specific Code input for plugin: ARM.CMSIS.5.6.0
2020-06-06 12:31:48,866 [INFO] BlockDiagram:2671 - set Specific Code input for plugin: GPIO
2020-06-06 12:31:48,873 [INFO] CodeGenerator:603 - code generatio: config db path: C:\ST\STM32CubeIDE_1.3.0\STM32CubeIDE\plugins\com.st.stm32cube.common.mx_5.6.0.202002181639\\db\
2020-06-06 12:31:49,183 [INFO] IP:2356 - RTE Config file name : RTE_Component
2020-06-06 12:31:49,183 [INFO] IP:2373 - RTE template : RTE_Components.ftl
2020-06-06 12:31:49,233 [INFO] CodeEngine:188 - oldGeneratedFile, C:\Users\danie\Documents\School\Lab DSPs\finalproject-labDSPs\STM32F429-Disc1_CMSIS-DSPs_UART_0\MXTmpFiles\license.tmp_save
2020-06-06 12:31:49,336 [INFO] CodeEngine:206 - Generated code: C:\Users\danie\Documents\School\Lab DSPs\finalproject-labDSPs\STM32F429-Disc1_CMSIS-DSPs_UART_0\MXTmpFiles\license.tmp
2020-06-06 12:31:49,426 [INFO] CodeEngine:188 - oldGeneratedFile, C:\Users\danie\Documents\School\Lab DSPs\finalproject-labDSPs\STM32F429-Disc1_CMSIS-DSPs_UART_0\MXTmpFiles\gpio.tmp_save
2020-06-06 12:31:49,548 [INFO] CodeEngine:206 - Generated code: C:\Users\danie\Documents\School\Lab DSPs\finalproject-labDSPs\STM32F429-Disc1_CMSIS-DSPs_UART_0\MXTmpFiles\gpio.tmp
2020-06-06 12:31:49,671 [INFO] LogOutputStream:76 - [STDOUT_REDIRECT] Command line
2020-06-06 12:31:49,671 [INFO] LogOutputStream:76 - [STDOUT_REDIRECT] Command line
2020-06-06 12:31:49,671 [INFO] LogOutputStream:76 - [STDOUT_REDIRECT] Debug : prepare data for USART
2020-06-06 12:31:49,671 [INFO] LogOutputStream:76 - [STDOUT_REDIRECT] Command line test
2020-06-06 12:31:49,671 [INFO] LogOutputStream:76 - [STDOUT_REDIRECT] Debug : prepare data for NVIC
2020-06-06 12:31:49,671 [INFO] LogOutputStream:76 - [STDOUT_REDIRECT] Command line test
2020-06-06 12:31:49,692 [INFO] CodeEngine:188 - oldGeneratedFile, C:\Users\danie\Documents\School\Lab DSPs\finalproject-labDSPs\STM32F429-Disc1_CMSIS-DSPs_UART_0\Core\Src\stm32f4xx_it.c_save
2020-06-06 12:31:49,781 [INFO] CodeEngine:206 - Generated code: C:\Users\danie\Documents\School\Lab DSPs\finalproject-labDSPs\STM32F429-Disc1_CMSIS-DSPs_UART_0\Core\Src\stm32f4xx_it.c
2020-06-06 12:31:49,789 [INFO] CodeEngine:188 - oldGeneratedFile, C:\Users\danie\Documents\School\Lab DSPs\finalproject-labDSPs\STM32F429-Disc1_CMSIS-DSPs_UART_0\Core\Inc\stm32f4xx_it.h_save
2020-06-06 12:31:49,852 [INFO] CodeEngine:206 - Generated code: C:\Users\danie\Documents\School\Lab DSPs\finalproject-labDSPs\STM32F429-Disc1_CMSIS-DSPs_UART_0\Core\Inc\stm32f4xx_it.h
2020-06-06 12:31:49,863 [INFO] CodeEngine:188 - oldGeneratedFile, C:\Users\danie\Documents\School\Lab DSPs\finalproject-labDSPs\STM32F429-Disc1_CMSIS-DSPs_UART_0\Core\Src\stm32f4xx_hal_msp.c_save
2020-06-06 12:31:49,962 [INFO] CodeEngine:206 - Generated code: C:\Users\danie\Documents\School\Lab DSPs\finalproject-labDSPs\STM32F429-Disc1_CMSIS-DSPs_UART_0\Core\Src\stm32f4xx_hal_msp.c
2020-06-06 12:31:49,970 [INFO] CodeEngine:188 - oldGeneratedFile, C:\Users\danie\Documents\School\Lab DSPs\finalproject-labDSPs\STM32F429-Disc1_CMSIS-DSPs_UART_0\MXTmpFiles\system.tmp_save
2020-06-06 12:31:50,027 [INFO] CodeEngine:206 - Generated code: C:\Users\danie\Documents\School\Lab DSPs\finalproject-labDSPs\STM32F429-Disc1_CMSIS-DSPs_UART_0\MXTmpFiles\system.tmp
2020-06-06 12:31:50,049 [INFO] CodeEngine:188 - oldGeneratedFile, C:\Users\danie\Documents\School\Lab DSPs\finalproject-labDSPs\STM32F429-Disc1_CMSIS-DSPs_UART_0\Core\Src\stm32f4xx_hal_timebase_tim.c_save
2020-06-06 12:31:50,118 [INFO] CodeEngine:206 - Generated code: C:\Users\danie\Documents\School\Lab DSPs\finalproject-labDSPs\STM32F429-Disc1_CMSIS-DSPs_UART_0\Core\Src\stm32f4xx_hal_timebase_tim.c
2020-06-06 12:31:50,131 [INFO] CodeEngine:188 - oldGeneratedFile, C:\Users\danie\Documents\School\Lab DSPs\finalproject-labDSPs\STM32F429-Disc1_CMSIS-DSPs_UART_0\Core\Inc\stm32f4xx_hal_conf.h_save
2020-06-06 12:31:50,203 [INFO] CodeEngine:206 - Generated code: C:\Users\danie\Documents\School\Lab DSPs\finalproject-labDSPs\STM32F429-Disc1_CMSIS-DSPs_UART_0\Core\Inc\stm32f4xx_hal_conf.h
2020-06-06 12:31:50,207 [WARN] IPConfigManager:2701 - IP not found : gpio
2020-06-06 12:31:50,207 [WARN] CodeGenerator:2649 - IP not found : gpio
2020-06-06 12:31:50,222 [INFO] CodeEngine:188 - oldGeneratedFile, C:\Users\danie\Documents\School\Lab DSPs\finalproject-labDSPs\STM32F429-Disc1_CMSIS-DSPs_UART_0\Core\Inc\main.h_save
2020-06-06 12:31:50,299 [INFO] CodeEngine:206 - Generated code: C:\Users\danie\Documents\School\Lab DSPs\finalproject-labDSPs\STM32F429-Disc1_CMSIS-DSPs_UART_0\Core\Inc\main.h
2020-06-06 12:31:50,307 [INFO] CodeEngine:188 - oldGeneratedFile, C:\Users\danie\Documents\School\Lab DSPs\finalproject-labDSPs\STM32F429-Disc1_CMSIS-DSPs_UART_0\Core\Src\main.c_save
2020-06-06 12:31:50,429 [INFO] CodeEngine:206 - Generated code: C:\Users\danie\Documents\School\Lab DSPs\finalproject-labDSPs\STM32F429-Disc1_CMSIS-DSPs_UART_0\Core\Src\main.c
2020-06-06 12:31:51,196 [INFO] ProjectBuilder:2002 - Time for Copy HAL[1] : 208mS.
2020-06-06 12:31:51,771 [INFO] LogOutputStream:76 - [STDOUT_REDIRECT] Time for Copy ThirdParty[1] : 571mS.
2020-06-06 12:31:51,851 [INFO] LogOutputStream:76 - [STDOUT_REDIRECT] Time for Copy ThirdParty[1] : 79mS.
2020-06-06 12:31:51,851 [INFO] ProjectBuilder:2727 - Project Generator version: 3.7.1
2020-06-06 12:31:52,053 [INFO] ConfigFileManager:1066 - The Die is : DIE419
2020-06-06 12:31:54,154 [INFO] ProjectBuilder:2894 - Time for Generating toolchain IDE Files: 2303mS.
2020-06-06 12:31:54,155 [INFO] ProjectBuilder:1878 - Time for Copy CMSIS : 1mS.
2020-06-06 12:31:54,168 [INFO] ProjectBuilder:1878 - Time for Copy CMSIS : 0mS.
